<?xml version="1.0" encoding="UTF-8"?>
<robot generator="Robot 6.0 (Python 3.10.3 on linux)" generated="20221102 23:15:52.971" rpa="false" schemaversion="3">
<suite id="s1" name="Login" source="/home/sashausoskin/Documents/Ohjelmistotuotanto/viikko3/web-login-robot/src/tests/login.robot">
<kw name="Open And Configure Browser" library="resource" type="SETUP">
<kw name="Open Browser" library="SeleniumLibrary">
<arg>browser=${BROWSER}</arg>
<doc>Opens a new browser instance to the optional ``url``.</doc>
<msg timestamp="20221102 23:15:53.168" level="INFO">Opening browser 'headlesschrome' to base url 'None'.</msg>
<status status="PASS" starttime="20221102 23:15:53.168" endtime="20221102 23:15:53.786"/>
</kw>
<kw name="Maximize Browser Window" library="SeleniumLibrary">
<doc>Maximizes current browser window.</doc>
<status status="PASS" starttime="20221102 23:15:53.786" endtime="20221102 23:15:53.889"/>
</kw>
<kw name="Set Selenium Speed" library="SeleniumLibrary">
<arg>${DELAY}</arg>
<doc>Sets the delay that is waited after each Selenium command.</doc>
<status status="PASS" starttime="20221102 23:15:53.889" endtime="20221102 23:15:53.890"/>
</kw>
<status status="PASS" starttime="20221102 23:15:53.168" endtime="20221102 23:15:53.890"/>
</kw>
<test id="s1-t1" name="Login With Correct Credentials" line="10">
<kw name="Create User And Go To Login Page" type="SETUP">
<kw name="Create User" library="AppLibrary">
<arg>kalle</arg>
<arg>kalle123</arg>
<status status="PASS" starttime="20221102 23:15:53.891" endtime="20221102 23:15:53.902"/>
</kw>
<kw name="Go To Login Page" library="resource">
<kw name="Go To" library="SeleniumLibrary">
<arg>${LOGIN URL}</arg>
<doc>Navigates the current browser window to the provided ``url``.</doc>
<msg timestamp="20221102 23:15:53.903" level="INFO">Opening url 'http://localhost:5000/login'</msg>
<status status="PASS" starttime="20221102 23:15:53.903" endtime="20221102 23:15:54.250"/>
</kw>
<status status="PASS" starttime="20221102 23:15:53.903" endtime="20221102 23:15:54.250"/>
</kw>
<kw name="Login Page Should Be Open" library="resource">
<kw name="Title Should Be" library="SeleniumLibrary">
<arg>Login</arg>
<doc>Verifies that the current page title equals ``title``.</doc>
<msg timestamp="20221102 23:15:54.255" level="INFO">Page title is 'Login'.</msg>
<status status="PASS" starttime="20221102 23:15:54.251" endtime="20221102 23:15:54.256"/>
</kw>
<status status="PASS" starttime="20221102 23:15:54.250" endtime="20221102 23:15:54.256"/>
</kw>
<status status="PASS" starttime="20221102 23:15:53.891" endtime="20221102 23:15:54.257"/>
</kw>
<kw name="Login User" library="login_resource">
<arg>kalle</arg>
<arg>kalle123</arg>
<kw name="Go To Login Page" library="resource">
<kw name="Go To" library="SeleniumLibrary">
<arg>${LOGIN URL}</arg>
<doc>Navigates the current browser window to the provided ``url``.</doc>
<msg timestamp="20221102 23:15:54.259" level="INFO">Opening url 'http://localhost:5000/login'</msg>
<status status="PASS" starttime="20221102 23:15:54.259" endtime="20221102 23:15:54.271"/>
</kw>
<status status="PASS" starttime="20221102 23:15:54.258" endtime="20221102 23:15:54.271"/>
</kw>
<kw name="Set Username" library="login_resource">
<arg>${username}</arg>
<kw name="Input Text" library="SeleniumLibrary">
<arg>username</arg>
<arg>${username}</arg>
<doc>Types the given ``text`` into the text field identified by ``locator``.</doc>
<msg timestamp="20221102 23:15:54.274" level="INFO">Typing text 'kalle' into text field 'username'.</msg>
<status status="PASS" starttime="20221102 23:15:54.272" endtime="20221102 23:15:54.367"/>
</kw>
<status status="PASS" starttime="20221102 23:15:54.272" endtime="20221102 23:15:54.367"/>
</kw>
<kw name="Set Password" library="login_resource">
<arg>${password}</arg>
<kw name="Input Password" library="SeleniumLibrary">
<arg>password</arg>
<arg>${password}</arg>
<doc>Types the given password into the text field identified by ``locator``.</doc>
<msg timestamp="20221102 23:15:54.370" level="INFO">Typing password into text field 'password'.</msg>
<msg timestamp="20221102 23:15:54.412" level="INFO">Temporally setting log level to: NONE</msg>
<msg timestamp="20221102 23:15:54.447" level="INFO">Log level changed from NONE to INFO.</msg>
<status status="PASS" starttime="20221102 23:15:54.368" endtime="20221102 23:15:54.447"/>
</kw>
<status status="PASS" starttime="20221102 23:15:54.368" endtime="20221102 23:15:54.447"/>
</kw>
<kw name="Submit Login" library="login_resource">
<kw name="Click Button" library="SeleniumLibrary">
<arg>Login</arg>
<doc>Clicks the button identified by ``locator``.</doc>
<msg timestamp="20221102 23:15:54.448" level="INFO">Clicking button 'Login'.</msg>
<status status="PASS" starttime="20221102 23:15:54.448" endtime="20221102 23:15:54.504"/>
</kw>
<status status="PASS" starttime="20221102 23:15:54.447" endtime="20221102 23:15:54.504"/>
</kw>
<status status="PASS" starttime="20221102 23:15:54.257" endtime="20221102 23:15:54.504"/>
</kw>
<kw name="Login Should Succeed">
<kw name="Main Page Should Be Open" library="resource">
<kw name="Title Should Be" library="SeleniumLibrary">
<arg>Ohtu Application main page</arg>
<doc>Verifies that the current page title equals ``title``.</doc>
<msg timestamp="20221102 23:15:54.508" level="INFO">Page title is 'Ohtu Application main page'.</msg>
<status status="PASS" starttime="20221102 23:15:54.505" endtime="20221102 23:15:54.509"/>
</kw>
<status status="PASS" starttime="20221102 23:15:54.505" endtime="20221102 23:15:54.509"/>
</kw>
<status status="PASS" starttime="20221102 23:15:54.505" endtime="20221102 23:15:54.509"/>
</kw>
<kw name="Reset Application" library="AppLibrary" type="TEARDOWN">
<status status="PASS" starttime="20221102 23:15:54.510" endtime="20221102 23:15:54.514"/>
</kw>
<status status="PASS" starttime="20221102 23:15:53.890" endtime="20221102 23:15:54.515"/>
</test>
<test id="s1-t2" name="Login With Incorrect Password" line="14">
<kw name="Create User And Go To Login Page" type="SETUP">
<kw name="Create User" library="AppLibrary">
<arg>kalle</arg>
<arg>kalle123</arg>
<status status="PASS" starttime="20221102 23:15:54.517" endtime="20221102 23:15:54.529"/>
</kw>
<kw name="Go To Login Page" library="resource">
<kw name="Go To" library="SeleniumLibrary">
<arg>${LOGIN URL}</arg>
<doc>Navigates the current browser window to the provided ``url``.</doc>
<msg timestamp="20221102 23:15:54.530" level="INFO">Opening url 'http://localhost:5000/login'</msg>
<status status="PASS" starttime="20221102 23:15:54.529" endtime="20221102 23:15:54.544"/>
</kw>
<status status="PASS" starttime="20221102 23:15:54.529" endtime="20221102 23:15:54.544"/>
</kw>
<kw name="Login Page Should Be Open" library="resource">
<kw name="Title Should Be" library="SeleniumLibrary">
<arg>Login</arg>
<doc>Verifies that the current page title equals ``title``.</doc>
<msg timestamp="20221102 23:15:54.549" level="INFO">Page title is 'Login'.</msg>
<status status="PASS" starttime="20221102 23:15:54.545" endtime="20221102 23:15:54.549"/>
</kw>
<status status="PASS" starttime="20221102 23:15:54.544" endtime="20221102 23:15:54.549"/>
</kw>
<status status="PASS" starttime="20221102 23:15:54.516" endtime="20221102 23:15:54.549"/>
</kw>
<kw name="Login User" library="login_resource">
<arg>kalle</arg>
<arg>kalle456</arg>
<kw name="Go To Login Page" library="resource">
<kw name="Go To" library="SeleniumLibrary">
<arg>${LOGIN URL}</arg>
<doc>Navigates the current browser window to the provided ``url``.</doc>
<msg timestamp="20221102 23:15:54.551" level="INFO">Opening url 'http://localhost:5000/login'</msg>
<status status="PASS" starttime="20221102 23:15:54.551" endtime="20221102 23:15:54.578"/>
</kw>
<status status="PASS" starttime="20221102 23:15:54.550" endtime="20221102 23:15:54.578"/>
</kw>
<kw name="Set Username" library="login_resource">
<arg>${username}</arg>
<kw name="Input Text" library="SeleniumLibrary">
<arg>username</arg>
<arg>${username}</arg>
<doc>Types the given ``text`` into the text field identified by ``locator``.</doc>
<msg timestamp="20221102 23:15:54.579" level="INFO">Typing text 'kalle' into text field 'username'.</msg>
<status status="PASS" starttime="20221102 23:15:54.579" endtime="20221102 23:15:54.654"/>
</kw>
<status status="PASS" starttime="20221102 23:15:54.578" endtime="20221102 23:15:54.654"/>
</kw>
<kw name="Set Password" library="login_resource">
<arg>${password}</arg>
<kw name="Input Password" library="SeleniumLibrary">
<arg>password</arg>
<arg>${password}</arg>
<doc>Types the given password into the text field identified by ``locator``.</doc>
<msg timestamp="20221102 23:15:54.656" level="INFO">Typing password into text field 'password'.</msg>
<msg timestamp="20221102 23:15:54.690" level="INFO">Temporally setting log level to: NONE</msg>
<msg timestamp="20221102 23:15:54.721" level="INFO">Log level changed from NONE to INFO.</msg>
<status status="PASS" starttime="20221102 23:15:54.655" endtime="20221102 23:15:54.721"/>
</kw>
<status status="PASS" starttime="20221102 23:15:54.655" endtime="20221102 23:15:54.722"/>
</kw>
<kw name="Submit Login" library="login_resource">
<kw name="Click Button" library="SeleniumLibrary">
<arg>Login</arg>
<doc>Clicks the button identified by ``locator``.</doc>
<msg timestamp="20221102 23:15:54.723" level="INFO">Clicking button 'Login'.</msg>
<status status="PASS" starttime="20221102 23:15:54.722" endtime="20221102 23:15:54.776"/>
</kw>
<status status="PASS" starttime="20221102 23:15:54.722" endtime="20221102 23:15:54.777"/>
</kw>
<status status="PASS" starttime="20221102 23:15:54.550" endtime="20221102 23:15:54.777"/>
</kw>
<kw name="Login Should Fail With Message">
<arg>Invalid username or password</arg>
<kw name="Login Page Should Be Open" library="resource">
<kw name="Title Should Be" library="SeleniumLibrary">
<arg>Login</arg>
<doc>Verifies that the current page title equals ``title``.</doc>
<msg timestamp="20221102 23:15:54.782" level="INFO">Page title is 'Login'.</msg>
<status status="PASS" starttime="20221102 23:15:54.779" endtime="20221102 23:15:54.783"/>
</kw>
<status status="PASS" starttime="20221102 23:15:54.778" endtime="20221102 23:15:54.783"/>
</kw>
<kw name="Page Should Contain" library="SeleniumLibrary">
<arg>${message}</arg>
<doc>Verifies that current page contains ``text``.</doc>
<msg timestamp="20221102 23:15:54.797" level="INFO">Current page contains text 'Invalid username or password'.</msg>
<status status="PASS" starttime="20221102 23:15:54.783" endtime="20221102 23:15:54.798"/>
</kw>
<status status="PASS" starttime="20221102 23:15:54.778" endtime="20221102 23:15:54.798"/>
</kw>
<kw name="Reset Application" library="AppLibrary" type="TEARDOWN">
<status status="PASS" starttime="20221102 23:15:54.799" endtime="20221102 23:15:54.804"/>
</kw>
<status status="PASS" starttime="20221102 23:15:54.515" endtime="20221102 23:15:54.805"/>
</test>
<test id="s1-t3" name="Login With Nonexistent Username" line="18">
<kw name="Create User And Go To Login Page" type="SETUP">
<kw name="Create User" library="AppLibrary">
<arg>kalle</arg>
<arg>kalle123</arg>
<status status="PASS" starttime="20221102 23:15:54.807" endtime="20221102 23:15:54.823"/>
</kw>
<kw name="Go To Login Page" library="resource">
<kw name="Go To" library="SeleniumLibrary">
<arg>${LOGIN URL}</arg>
<doc>Navigates the current browser window to the provided ``url``.</doc>
<msg timestamp="20221102 23:15:54.824" level="INFO">Opening url 'http://localhost:5000/login'</msg>
<status status="PASS" starttime="20221102 23:15:54.824" endtime="20221102 23:15:54.838"/>
</kw>
<status status="PASS" starttime="20221102 23:15:54.823" endtime="20221102 23:15:54.839"/>
</kw>
<kw name="Login Page Should Be Open" library="resource">
<kw name="Title Should Be" library="SeleniumLibrary">
<arg>Login</arg>
<doc>Verifies that the current page title equals ``title``.</doc>
<msg timestamp="20221102 23:15:54.842" level="INFO">Page title is 'Login'.</msg>
<status status="PASS" starttime="20221102 23:15:54.839" endtime="20221102 23:15:54.842"/>
</kw>
<status status="PASS" starttime="20221102 23:15:54.839" endtime="20221102 23:15:54.843"/>
</kw>
<status status="PASS" starttime="20221102 23:15:54.807" endtime="20221102 23:15:54.843"/>
</kw>
<kw name="Login User" library="login_resource">
<arg>test</arg>
<arg>kalle123</arg>
<kw name="Go To Login Page" library="resource">
<kw name="Go To" library="SeleniumLibrary">
<arg>${LOGIN URL}</arg>
<doc>Navigates the current browser window to the provided ``url``.</doc>
<msg timestamp="20221102 23:15:54.845" level="INFO">Opening url 'http://localhost:5000/login'</msg>
<status status="PASS" starttime="20221102 23:15:54.844" endtime="20221102 23:15:54.860"/>
</kw>
<status status="PASS" starttime="20221102 23:15:54.844" endtime="20221102 23:15:54.860"/>
</kw>
<kw name="Set Username" library="login_resource">
<arg>${username}</arg>
<kw name="Input Text" library="SeleniumLibrary">
<arg>username</arg>
<arg>${username}</arg>
<doc>Types the given ``text`` into the text field identified by ``locator``.</doc>
<msg timestamp="20221102 23:15:54.863" level="INFO">Typing text 'test' into text field 'username'.</msg>
<status status="PASS" starttime="20221102 23:15:54.862" endtime="20221102 23:15:54.947"/>
</kw>
<status status="PASS" starttime="20221102 23:15:54.861" endtime="20221102 23:15:54.947"/>
</kw>
<kw name="Set Password" library="login_resource">
<arg>${password}</arg>
<kw name="Input Password" library="SeleniumLibrary">
<arg>password</arg>
<arg>${password}</arg>
<doc>Types the given password into the text field identified by ``locator``.</doc>
<msg timestamp="20221102 23:15:54.949" level="INFO">Typing password into text field 'password'.</msg>
<msg timestamp="20221102 23:15:54.988" level="INFO">Temporally setting log level to: NONE</msg>
<msg timestamp="20221102 23:15:55.028" level="INFO">Log level changed from NONE to INFO.</msg>
<status status="PASS" starttime="20221102 23:15:54.948" endtime="20221102 23:15:55.029"/>
</kw>
<status status="PASS" starttime="20221102 23:15:54.948" endtime="20221102 23:15:55.029"/>
</kw>
<kw name="Submit Login" library="login_resource">
<kw name="Click Button" library="SeleniumLibrary">
<arg>Login</arg>
<doc>Clicks the button identified by ``locator``.</doc>
<msg timestamp="20221102 23:15:55.030" level="INFO">Clicking button 'Login'.</msg>
<status status="PASS" starttime="20221102 23:15:55.029" endtime="20221102 23:15:55.086"/>
</kw>
<status status="PASS" starttime="20221102 23:15:55.029" endtime="20221102 23:15:55.087"/>
</kw>
<status status="PASS" starttime="20221102 23:15:54.843" endtime="20221102 23:15:55.087"/>
</kw>
<kw name="Login Should Fail With Message">
<arg>Invalid username or password</arg>
<kw name="Login Page Should Be Open" library="resource">
<kw name="Title Should Be" library="SeleniumLibrary">
<arg>Login</arg>
<doc>Verifies that the current page title equals ``title``.</doc>
<msg timestamp="20221102 23:15:55.091" level="INFO">Page title is 'Login'.</msg>
<status status="PASS" starttime="20221102 23:15:55.088" endtime="20221102 23:15:55.091"/>
</kw>
<status status="PASS" starttime="20221102 23:15:55.088" endtime="20221102 23:15:55.091"/>
</kw>
<kw name="Page Should Contain" library="SeleniumLibrary">
<arg>${message}</arg>
<doc>Verifies that current page contains ``text``.</doc>
<msg timestamp="20221102 23:15:55.101" level="INFO">Current page contains text 'Invalid username or password'.</msg>
<status status="PASS" starttime="20221102 23:15:55.092" endtime="20221102 23:15:55.102"/>
</kw>
<status status="PASS" starttime="20221102 23:15:55.087" endtime="20221102 23:15:55.102"/>
</kw>
<kw name="Reset Application" library="AppLibrary" type="TEARDOWN">
<status status="PASS" starttime="20221102 23:15:55.102" endtime="20221102 23:15:55.107"/>
</kw>
<status status="PASS" starttime="20221102 23:15:54.806" endtime="20221102 23:15:55.108"/>
</test>
<kw name="Close Browser" library="SeleniumLibrary" type="TEARDOWN">
<doc>Closes the current browser.</doc>
<status status="PASS" starttime="20221102 23:15:55.110" endtime="20221102 23:15:55.166"/>
</kw>
<status status="PASS" starttime="20221102 23:15:52.974" endtime="20221102 23:15:55.166"/>
</suite>
<statistics>
<total>
<stat pass="3" fail="0" skip="0">All Tests</stat>
</total>
<tag>
</tag>
<suite>
<stat pass="3" fail="0" skip="0" id="s1" name="Login">Login</stat>
</suite>
</statistics>
<errors>
</errors>
</robot>
